Copyright 1986-2019 Xilinx, Inc. All Rights Reserved.
------------------------------------------------------------------------------------
| Tool Version : Vivado v.2019.2 (win64) Build 2708876 Wed Nov  6 21:40:23 MST 2019
| Date         : Tue Sep 13 16:40:25 2022
| Host         : Lab1sa_10 running 64-bit major release  (build 9200)
| Command      : report_control_sets -verbose -file Basys3_control_sets_placed.rpt
| Design       : Basys3
| Device       : xc7a35t
------------------------------------------------------------------------------------

Control Set Information

Table of Contents
-----------------
1. Summary
2. Histogram
3. Flip-Flop Distribution
4. Detailed Control Set Information

1. Summary
----------

+----------------------------------------------------------+-------+
|                          Status                          | Count |
+----------------------------------------------------------+-------+
| Total control sets                                       |     6 |
|    Minimum number of control sets                        |     6 |
|    Addition due to synthesis replication                 |     0 |
|    Addition due to physical synthesis replication        |     0 |
| Unused register locations in slices containing registers |    11 |
+----------------------------------------------------------+-------+
* Control sets can be merged at opt_design using control_set_merge or merge_equivalent_drivers
** Run report_qor_suggestions for automated merging and remapping suggestions


2. Histogram
------------

+--------------------+-------+
|       Fanout       | Count |
+--------------------+-------+
| Total control sets |     6 |
| >= 0 to < 4        |     0 |
| >= 4 to < 6        |     1 |
| >= 6 to < 8        |     0 |
| >= 8 to < 10       |     2 |
| >= 10 to < 12      |     0 |
| >= 12 to < 14      |     0 |
| >= 14 to < 16      |     0 |
| >= 16              |     3 |
+--------------------+-------+
* Control sets can be remapped at either synth_design or opt_design


3. Flip-Flop Distribution
-------------------------

+--------------+-----------------------+------------------------+-----------------+--------------+
| Clock Enable | Synchronous Set/Reset | Asynchronous Set/Reset | Total Registers | Total Slices |
+--------------+-----------------------+------------------------+-----------------+--------------+
| No           | No                    | No                     |              20 |            9 |
| No           | No                    | Yes                    |               0 |            0 |
| No           | Yes                   | No                     |              49 |           13 |
| Yes          | No                    | No                     |               0 |            0 |
| Yes          | No                    | Yes                    |               0 |            0 |
| Yes          | Yes                   | No                     |               0 |            0 |
+--------------+-----------------------+------------------------+-----------------+--------------+


4. Detailed Control Set Information
-----------------------------------

+----------------------+---------------+---------------------------------------+------------------+----------------+
|     Clock Signal     | Enable Signal |            Set/Reset Signal           | Slice Load Count | Bel Load Count |
+----------------------+---------------+---------------------------------------+------------------+----------------+
|  clk_IBUF_BUFG       |               |                                       |                3 |              4 |
|  inst_Debouncer2/CLK |               |                                       |                3 |              8 |
|  inst_Debouncer3/CLK |               |                                       |                3 |              8 |
|  clk_IBUF_BUFG       |               | inst_Debouncer2/counter[0]_i_1_n_0    |                4 |             16 |
|  clk_IBUF_BUFG       |               | inst_Debouncer3/counter[0]_i_1__0_n_0 |                4 |             16 |
|  clk_IBUF_BUFG       |               | inst_Display_Controller/clear         |                5 |             17 |
+----------------------+---------------+---------------------------------------+------------------+----------------+


