#-----------------------------------------------------------
# Vivado v2019.2 (64-bit)
# SW Build 2708876 on Wed Nov  6 21:40:23 MST 2019
# IP Build 2700528 on Thu Nov  7 00:09:20 MST 2019
# Start of session at: Sat Sep 24 16:57:20 2022
# Process ID: 31900
# Current directory: C:/Users/ignac/OneDrive/Documentos/U. Catolica/8vo semestre/ArquiComp/Proyecto Base Actividad 2/Proyecto Base Actividad 2
# Command line: vivado.exe -gui_launcher_event rodinguilauncherevent45932 C:\Users\ignac\OneDrive\Documentos\U. Catolica\8vo semestre\ArquiComp\Proyecto Base Actividad 2\Proyecto Base Actividad 2\Proyecto Base.xpr
# Log file: C:/Users/ignac/OneDrive/Documentos/U. Catolica/8vo semestre/ArquiComp/Proyecto Base Actividad 2/Proyecto Base Actividad 2/vivado.log
# Journal file: C:/Users/ignac/OneDrive/Documentos/U. Catolica/8vo semestre/ArquiComp/Proyecto Base Actividad 2/Proyecto Base Actividad 2\vivado.jou
#-----------------------------------------------------------
start_gui
open_project {C:/Users/ignac/OneDrive/Documentos/U. Catolica/8vo semestre/ArquiComp/Proyecto Base Actividad 2/Proyecto Base Actividad 2/Proyecto Base.xpr}
INFO: [ProjectBase 1-489] The host OS only allows 260 characters in a normal path. The project is stored in a path with more than 80 characters. If you experience issues with IP, Block Designs, or files not being found, please consider moving the project to a location with a shorter path. Alternately consider using the OS subst command to map part of the path to a drive letter.
Current project path is 'C:/Users/ignac/OneDrive/Documentos/U. Catolica/8vo semestre/ArquiComp/Proyecto Base Actividad 2/Proyecto Base Actividad 2'
INFO: [Project 1-313] Project file moved from 'C:/Users/iic2343/Downloads/Proyecto Base Actividad 2/Proyecto Base Actividad 2' since last save.
Scanning sources...
Finished scanning sources
WARNING: [filemgmt 56-2] IPUserFilesDir: Could not find the directory 'C:/Users/ignac/OneDrive/Documentos/U. Catolica/8vo semestre/ArquiComp/Proyecto Base Actividad 2/Recuperativo/Proyecto Base/Proyecto Base.ip_user_files', nor could it be found using path 'C:/Users/iic2343/Downloads/Proyecto Base Actividad 2/Recuperativo/Proyecto Base/Proyecto Base.ip_user_files'.
INFO: [IP_Flow 19-234] Refreshing IP repositories
INFO: [IP_Flow 19-1704] No user IP repositories specified
INFO: [IP_Flow 19-2313] Loaded Vivado IP repository 'C:/Xilinx/Vivado/2019.2/data/ip'.
open_project: Time (s): cpu = 00:00:13 ; elapsed = 00:00:05 . Memory (MB): peak = 757.691 ; gain = 78.910
update_compile_order -fileset sources_1
